<?xml version="1.0" encoding="UTF-8"?>
<robot generator="Robot 5.0.1 (Python 3.10.4 on win32)" generated="20220607 10:50:03.575" rpa="false" schemaversion="3">
<suite id="s1" name="Get Api" source="D:\Advance_Robot_Python\Robot Framework_9_REST GET\get_api.robot">
<test id="s1-t1" name="GET REQUEST" line="5">
<kw name="GET" library="REST">
<arg>https://jsonplaceholder.typicode.com/users/1</arg>
<tag>http</tag>
<doc>*Sends a GET request to the endpoint.*</doc>
<status status="PASS" starttime="20220607 10:50:03.883" endtime="20220607 10:50:04.105"/>
</kw>
<kw name="Output" library="REST">
<arg>response body</arg>
<tag>I/O</tag>
<doc>*Outputs JSON to terminal or a file.*</doc>
<msg timestamp="20220607 10:50:04.108" level="INFO">
{
    "id": 1,
    "name": "Leanne Graham",
    "username": "Bret",
    "email": "Sincere@april.biz",
    "address": {
        "street": "Kulas Light",
        "suite": "Apt. 556",
        "city": "Gwenborough",
        "zipcode": "92998-3874",
        "geo": {
            "lat": "-37.3159",
            "lng": "81.1496"
        }
    },
    "phone": "1-770-736-8031 x56442",
    "website": "hildegard.org",
    "company": {
        "name": "Romaguera-Crona",
        "catchPhrase": "Multi-layered client-server neural-net",
        "bs": "harness real-time e-markets"
    }
}</msg>
<status status="PASS" starttime="20220607 10:50:04.107" endtime="20220607 10:50:04.133"/>
</kw>
<kw name="Output Schema" library="REST">
<arg>response body</arg>
<tag>I/O</tag>
<doc>*Outputs JSON Schema to terminal or a file.*</doc>
<msg timestamp="20220607 10:50:04.135" level="INFO">
{
    "type": "object",
    "properties": {
        "id": {
            "type": "integer",
            "default": 1
        },
        "name": {
            "type": "string",
            "default": "Leanne Graham"
        },
        "username": {
            "type": "string",
            "default": "Bret"
        },
        "email": {
            "type": "string",
            "default": "Sincere@april.biz"
        },
        "address": {
            "type": "object",
            "properties": {
                "street": {
                    "type": "string",
                    "default": "Kulas Light"
                },
                "suite": {
                    "type": "string",
                    "default": "Apt. 556"
                },
                "city": {
                    "type": "string",
                    "default": "Gwenborough"
                },
                "zipcode": {
                    "type": "string",
                    "default": "92998-3874"
                },
                "geo": {
                    "type": "object",
                    "properties": {
                        "lat": {
                            "type": "string",
                            "default": "-37.3159"
                        },
                        "lng": {
                            "type": "string",
                            "default": "81.1496"
                        }
                    },
                    "required": [
                        "lat",
                        "lng"
                    ]
                }
            },
            "required": [
                "city",
                "geo",
                "street",
                "suite",
                "zipcode"
            ]
        },
        "phone": {
            "type": "string",
            "default": "1-770-736-8031 x56442"
        },
        "website": {
            "type": "string",
            "default": "hildegard.org"
        },
        "company": {
            "type": "object",
            "properties": {
                "name": {
                    "type": "string",
                    "default": "Romaguera-Crona"
                },
                "catchPhrase": {
                    "type": "string",
                    "default": "Multi-layered client-server neural-net"
                },
                "bs": {
                    "type": "string",
                    "default": "harness real-time e-markets"
                }
            },
            "required": [
                "bs",
                "catchPhrase",
                "name"
            ]
        }
    },
    "required": [
        "address",
        "company",
        "email",
        "id",
        "name",
        "phone",
        "username",
        "website"
    ]
}</msg>
<status status="PASS" starttime="20220607 10:50:04.134" endtime="20220607 10:50:04.151"/>
</kw>
<kw name="Object" library="REST">
<arg>response body</arg>
<tag>assertions</tag>
<doc>*Asserts the field as JSON object.*</doc>
<status status="PASS" starttime="20220607 10:50:04.152" endtime="20220607 10:50:04.170"/>
</kw>
<kw name="Integer" library="REST">
<arg>response body id</arg>
<arg>1</arg>
<tag>assertions</tag>
<doc>*Asserts the field as JSON integer.*</doc>
<status status="PASS" starttime="20220607 10:50:04.171" endtime="20220607 10:50:04.173"/>
</kw>
<kw name="String" library="REST">
<arg>response body name</arg>
<arg>Leanne Graham</arg>
<tag>assertions</tag>
<doc>*Asserts the field as JSON string.*</doc>
<status status="PASS" starttime="20220607 10:50:04.173" endtime="20220607 10:50:04.175"/>
</kw>
<status status="PASS" starttime="20220607 10:50:03.882" endtime="20220607 10:50:04.176"/>
</test>
<status status="PASS" starttime="20220607 10:50:03.576" endtime="20220607 10:50:04.178"/>
</suite>
<statistics>
<total>
<stat pass="1" fail="0" skip="0">All Tests</stat>
</total>
<tag>
</tag>
<suite>
<stat pass="1" fail="0" skip="0" id="s1" name="Get Api">Get Api</stat>
</suite>
</statistics>
<errors>
</errors>
</robot>
